2026-02-19 15:14:47,166 - INFO - Rank=0/4 | Local Rank=0 | Device=cuda:0 | n_gpu=1 | img_size=384 | use_checkpoint=True | fp16=True | hpo=False
2026-02-19 15:14:47,254 - INFO - MLflow run started (rank 0 only)
2026-02-19 15:14:47,255 - INFO - GPU memory before model init: 0.00GB used
2026-02-19 15:14:47,255 - INFO - Training with num_classes=200 for ImageNet-1K
2026-02-19 15:14:47,264 - INFO - Creating histogram calibrator
2026-02-19 15:14:47,264 - INFO - Creating Max calibrator
2026-02-19 15:14:47,264 - INFO - Creating histogram calibrator
2026-02-19 15:14:47,286 - INFO - Creating histogram calibrator
2026-02-19 15:14:47,286 - INFO - Creating Max calibrator
2026-02-19 15:14:47,286 - INFO - Creating histogram calibrator
2026-02-19 15:14:47,341 - INFO - Creating histogram calibrator
2026-02-19 15:14:47,341 - INFO - Creating Max calibrator
2026-02-19 15:14:47,342 - INFO - Creating histogram calibrator
2026-02-19 15:14:47,348 - INFO - Creating histogram calibrator
2026-02-19 15:14:47,348 - INFO - Creating Max calibrator
2026-02-19 15:14:47,348 - INFO - Creating histogram calibrator
2026-02-19 15:14:47,354 - INFO - Creating histogram calibrator
2026-02-19 15:14:47,354 - INFO - Creating Max calibrator
2026-02-19 15:14:47,355 - INFO - Creating histogram calibrator
2026-02-19 15:14:47,360 - INFO - Creating histogram calibrator
2026-02-19 15:14:47,361 - INFO - Creating Max calibrator
2026-02-19 15:14:47,361 - INFO - Creating histogram calibrator
2026-02-19 15:14:47,367 - INFO - Creating histogram calibrator
2026-02-19 15:14:47,367 - INFO - Creating histogram calibrator
2026-02-19 15:14:47,367 - INFO - Creating histogram calibrator
2026-02-19 15:14:47,367 - INFO - Creating histogram calibrator
2026-02-19 15:14:47,367 - INFO - Creating histogram calibrator
2026-02-19 15:14:47,367 - INFO - Creating histogram calibrator
2026-02-19 15:14:47,368 - INFO - Creating histogram calibrator
2026-02-19 15:14:47,368 - INFO - Creating histogram calibrator
2026-02-19 15:14:47,368 - INFO - Creating histogram calibrator
2026-02-19 15:14:47,368 - INFO - Creating histogram calibrator
2026-02-19 15:14:47,368 - INFO - Creating histogram calibrator
2026-02-19 15:14:47,389 - INFO - Creating histogram calibrator
2026-02-19 15:14:47,389 - INFO - Creating Max calibrator
2026-02-19 15:14:47,389 - INFO - Creating histogram calibrator
2026-02-19 15:14:47,411 - INFO - Creating histogram calibrator
2026-02-19 15:14:47,411 - INFO - Creating Max calibrator
2026-02-19 15:14:47,411 - INFO - Creating histogram calibrator
2026-02-19 15:14:47,467 - INFO - Creating histogram calibrator
2026-02-19 15:14:47,467 - INFO - Creating Max calibrator
2026-02-19 15:14:47,467 - INFO - Creating histogram calibrator
2026-02-19 15:14:47,473 - INFO - Creating histogram calibrator
2026-02-19 15:14:47,473 - INFO - Creating Max calibrator
2026-02-19 15:14:47,473 - INFO - Creating histogram calibrator
2026-02-19 15:14:47,479 - INFO - Creating histogram calibrator
2026-02-19 15:14:47,479 - INFO - Creating Max calibrator
2026-02-19 15:14:47,479 - INFO - Creating histogram calibrator
2026-02-19 15:14:47,485 - INFO - Creating histogram calibrator
2026-02-19 15:14:47,485 - INFO - Creating Max calibrator
2026-02-19 15:14:47,485 - INFO - Creating histogram calibrator
2026-02-19 15:14:47,491 - INFO - Creating histogram calibrator
2026-02-19 15:14:47,491 - INFO - Creating histogram calibrator
2026-02-19 15:14:47,491 - INFO - Creating histogram calibrator
2026-02-19 15:14:47,491 - INFO - Creating histogram calibrator
2026-02-19 15:14:47,492 - INFO - Creating histogram calibrator
2026-02-19 15:14:47,492 - INFO - Creating histogram calibrator
2026-02-19 15:14:47,492 - INFO - Creating histogram calibrator
2026-02-19 15:14:47,492 - INFO - Creating histogram calibrator
2026-02-19 15:14:47,492 - INFO - Creating histogram calibrator
2026-02-19 15:14:47,492 - INFO - Creating histogram calibrator
2026-02-19 15:14:47,492 - INFO - Creating histogram calibrator
2026-02-19 15:14:47,512 - INFO - Creating histogram calibrator
2026-02-19 15:14:47,512 - INFO - Creating Max calibrator
2026-02-19 15:14:47,512 - INFO - Creating histogram calibrator
2026-02-19 15:14:47,534 - INFO - Creating histogram calibrator
2026-02-19 15:14:47,535 - INFO - Creating Max calibrator
2026-02-19 15:14:47,535 - INFO - Creating histogram calibrator
2026-02-19 15:14:47,590 - INFO - Creating histogram calibrator
2026-02-19 15:14:47,590 - INFO - Creating Max calibrator
2026-02-19 15:14:47,590 - INFO - Creating histogram calibrator
2026-02-19 15:14:47,596 - INFO - Creating histogram calibrator
2026-02-19 15:14:47,596 - INFO - Creating Max calibrator
2026-02-19 15:14:47,596 - INFO - Creating histogram calibrator
2026-02-19 15:14:47,602 - INFO - Creating histogram calibrator
2026-02-19 15:14:47,602 - INFO - Creating Max calibrator
2026-02-19 15:14:47,602 - INFO - Creating histogram calibrator
2026-02-19 15:14:47,608 - INFO - Creating histogram calibrator
2026-02-19 15:14:47,608 - INFO - Creating Max calibrator
2026-02-19 15:14:47,608 - INFO - Creating histogram calibrator
2026-02-19 15:14:47,614 - INFO - Creating histogram calibrator
2026-02-19 15:14:47,614 - INFO - Creating histogram calibrator
2026-02-19 15:14:47,614 - INFO - Creating histogram calibrator
2026-02-19 15:14:47,615 - INFO - Creating histogram calibrator
2026-02-19 15:14:47,615 - INFO - Creating histogram calibrator
2026-02-19 15:14:47,615 - INFO - Creating histogram calibrator
2026-02-19 15:14:47,615 - INFO - Creating histogram calibrator
2026-02-19 15:14:47,615 - INFO - Creating histogram calibrator
2026-02-19 15:14:47,615 - INFO - Creating histogram calibrator
2026-02-19 15:14:47,615 - INFO - Creating histogram calibrator
2026-02-19 15:14:47,616 - INFO - Creating histogram calibrator
2026-02-19 15:14:47,634 - INFO - Creating histogram calibrator
2026-02-19 15:14:47,634 - INFO - Creating Max calibrator
2026-02-19 15:14:47,634 - INFO - Creating histogram calibrator
2026-02-19 15:14:47,656 - INFO - Creating histogram calibrator
2026-02-19 15:14:47,656 - INFO - Creating Max calibrator
2026-02-19 15:14:47,656 - INFO - Creating histogram calibrator
2026-02-19 15:14:47,711 - INFO - Creating histogram calibrator
2026-02-19 15:14:47,711 - INFO - Creating Max calibrator
2026-02-19 15:14:47,712 - INFO - Creating histogram calibrator
2026-02-19 15:14:47,717 - INFO - Creating histogram calibrator
2026-02-19 15:14:47,718 - INFO - Creating Max calibrator
2026-02-19 15:14:47,718 - INFO - Creating histogram calibrator
2026-02-19 15:14:47,723 - INFO - Creating histogram calibrator
2026-02-19 15:14:47,724 - INFO - Creating Max calibrator
2026-02-19 15:14:47,724 - INFO - Creating histogram calibrator
2026-02-19 15:14:47,729 - INFO - Creating histogram calibrator
2026-02-19 15:14:47,730 - INFO - Creating Max calibrator
2026-02-19 15:14:47,730 - INFO - Creating histogram calibrator
2026-02-19 15:14:47,736 - INFO - Creating histogram calibrator
2026-02-19 15:14:47,736 - INFO - Creating histogram calibrator
2026-02-19 15:14:47,736 - INFO - Creating histogram calibrator
2026-02-19 15:14:47,736 - INFO - Creating histogram calibrator
2026-02-19 15:14:47,736 - INFO - Creating histogram calibrator
2026-02-19 15:14:47,736 - INFO - Creating histogram calibrator
2026-02-19 15:14:47,736 - INFO - Creating histogram calibrator
2026-02-19 15:14:47,737 - INFO - Creating histogram calibrator
2026-02-19 15:14:47,737 - INFO - Creating histogram calibrator
2026-02-19 15:14:47,737 - INFO - Creating histogram calibrator
2026-02-19 15:14:47,737 - INFO - Creating histogram calibrator
2026-02-19 15:14:47,749 - INFO - Creating histogram calibrator
2026-02-19 15:14:47,749 - INFO - Creating Max calibrator
2026-02-19 15:14:47,749 - INFO - Creating histogram calibrator
2026-02-19 15:14:47,771 - INFO - Creating histogram calibrator
2026-02-19 15:14:47,771 - INFO - Creating Max calibrator
2026-02-19 15:14:47,772 - INFO - Creating histogram calibrator
2026-02-19 15:14:47,826 - INFO - Creating histogram calibrator
2026-02-19 15:14:47,827 - INFO - Creating Max calibrator
2026-02-19 15:14:47,827 - INFO - Creating histogram calibrator
2026-02-19 15:14:47,833 - INFO - Creating histogram calibrator
2026-02-19 15:14:47,833 - INFO - Creating Max calibrator
2026-02-19 15:14:47,833 - INFO - Creating histogram calibrator
2026-02-19 15:14:47,839 - INFO - Creating histogram calibrator
2026-02-19 15:14:47,839 - INFO - Creating Max calibrator
2026-02-19 15:14:47,839 - INFO - Creating histogram calibrator
2026-02-19 15:14:47,845 - INFO - Creating histogram calibrator
2026-02-19 15:14:47,845 - INFO - Creating Max calibrator
2026-02-19 15:14:47,845 - INFO - Creating histogram calibrator
2026-02-19 15:14:47,851 - INFO - Creating histogram calibrator
2026-02-19 15:14:47,851 - INFO - Creating histogram calibrator
2026-02-19 15:14:47,851 - INFO - Creating histogram calibrator
2026-02-19 15:14:47,851 - INFO - Creating histogram calibrator
2026-02-19 15:14:47,851 - INFO - Creating histogram calibrator
2026-02-19 15:14:47,851 - INFO - Creating histogram calibrator
2026-02-19 15:14:47,852 - INFO - Creating histogram calibrator
2026-02-19 15:14:47,852 - INFO - Creating histogram calibrator
2026-02-19 15:14:47,852 - INFO - Creating histogram calibrator
2026-02-19 15:14:47,852 - INFO - Creating histogram calibrator
2026-02-19 15:14:47,852 - INFO - Creating histogram calibrator
2026-02-19 15:14:47,864 - INFO - Creating histogram calibrator
2026-02-19 15:14:47,864 - INFO - Creating Max calibrator
2026-02-19 15:14:47,865 - INFO - Creating histogram calibrator
2026-02-19 15:14:47,886 - INFO - Creating histogram calibrator
2026-02-19 15:14:47,887 - INFO - Creating Max calibrator
2026-02-19 15:14:47,887 - INFO - Creating histogram calibrator
2026-02-19 15:14:47,942 - INFO - Creating histogram calibrator
2026-02-19 15:14:47,942 - INFO - Creating Max calibrator
2026-02-19 15:14:47,942 - INFO - Creating histogram calibrator
2026-02-19 15:14:47,948 - INFO - Creating histogram calibrator
2026-02-19 15:14:47,948 - INFO - Creating Max calibrator
2026-02-19 15:14:47,948 - INFO - Creating histogram calibrator
2026-02-19 15:14:47,954 - INFO - Creating histogram calibrator
2026-02-19 15:14:47,954 - INFO - Creating Max calibrator
2026-02-19 15:14:47,954 - INFO - Creating histogram calibrator
2026-02-19 15:14:47,960 - INFO - Creating histogram calibrator
2026-02-19 15:14:47,960 - INFO - Creating Max calibrator
2026-02-19 15:14:47,960 - INFO - Creating histogram calibrator
2026-02-19 15:14:47,966 - INFO - Creating histogram calibrator
2026-02-19 15:14:47,966 - INFO - Creating histogram calibrator
2026-02-19 15:14:47,966 - INFO - Creating histogram calibrator
2026-02-19 15:14:47,966 - INFO - Creating histogram calibrator
2026-02-19 15:14:47,967 - INFO - Creating histogram calibrator
2026-02-19 15:14:47,967 - INFO - Creating histogram calibrator
2026-02-19 15:14:47,967 - INFO - Creating histogram calibrator
2026-02-19 15:14:47,967 - INFO - Creating histogram calibrator
2026-02-19 15:14:47,967 - INFO - Creating histogram calibrator
2026-02-19 15:14:47,967 - INFO - Creating histogram calibrator
2026-02-19 15:14:47,967 - INFO - Creating histogram calibrator
2026-02-19 15:14:47,980 - INFO - Creating histogram calibrator
2026-02-19 15:14:47,980 - INFO - Creating Max calibrator
2026-02-19 15:14:47,980 - INFO - Creating histogram calibrator
2026-02-19 15:14:48,002 - INFO - Creating histogram calibrator
2026-02-19 15:14:48,002 - INFO - Creating Max calibrator
2026-02-19 15:14:48,002 - INFO - Creating histogram calibrator
2026-02-19 15:14:48,057 - INFO - Creating histogram calibrator
2026-02-19 15:14:48,058 - INFO - Creating Max calibrator
2026-02-19 15:14:48,058 - INFO - Creating histogram calibrator
2026-02-19 15:14:48,063 - INFO - Creating histogram calibrator
2026-02-19 15:14:48,064 - INFO - Creating Max calibrator
2026-02-19 15:14:48,064 - INFO - Creating histogram calibrator
2026-02-19 15:14:48,070 - INFO - Creating histogram calibrator
2026-02-19 15:14:48,070 - INFO - Creating Max calibrator
2026-02-19 15:14:48,070 - INFO - Creating histogram calibrator
2026-02-19 15:14:48,076 - INFO - Creating histogram calibrator
2026-02-19 15:14:48,076 - INFO - Creating Max calibrator
2026-02-19 15:14:48,076 - INFO - Creating histogram calibrator
2026-02-19 15:14:48,082 - INFO - Creating histogram calibrator
2026-02-19 15:14:48,082 - INFO - Creating histogram calibrator
2026-02-19 15:14:48,082 - INFO - Creating histogram calibrator
2026-02-19 15:14:48,082 - INFO - Creating histogram calibrator
2026-02-19 15:14:48,082 - INFO - Creating histogram calibrator
2026-02-19 15:14:48,082 - INFO - Creating histogram calibrator
2026-02-19 15:14:48,082 - INFO - Creating histogram calibrator
2026-02-19 15:14:48,083 - INFO - Creating histogram calibrator
2026-02-19 15:14:48,083 - INFO - Creating histogram calibrator
2026-02-19 15:14:48,083 - INFO - Creating histogram calibrator
2026-02-19 15:14:48,083 - INFO - Creating histogram calibrator
2026-02-19 15:14:48,095 - INFO - Creating histogram calibrator
2026-02-19 15:14:48,095 - INFO - Creating Max calibrator
2026-02-19 15:14:48,095 - INFO - Creating histogram calibrator
2026-02-19 15:14:48,117 - INFO - Creating histogram calibrator
2026-02-19 15:14:48,117 - INFO - Creating Max calibrator
2026-02-19 15:14:48,118 - INFO - Creating histogram calibrator
2026-02-19 15:14:48,173 - INFO - Creating histogram calibrator
2026-02-19 15:14:48,173 - INFO - Creating Max calibrator
2026-02-19 15:14:48,173 - INFO - Creating histogram calibrator
2026-02-19 15:14:48,179 - INFO - Creating histogram calibrator
2026-02-19 15:14:48,179 - INFO - Creating Max calibrator
2026-02-19 15:14:48,179 - INFO - Creating histogram calibrator
2026-02-19 15:14:48,185 - INFO - Creating histogram calibrator
2026-02-19 15:14:48,185 - INFO - Creating Max calibrator
2026-02-19 15:14:48,185 - INFO - Creating histogram calibrator
2026-02-19 15:14:48,191 - INFO - Creating histogram calibrator
2026-02-19 15:14:48,191 - INFO - Creating Max calibrator
2026-02-19 15:14:48,191 - INFO - Creating histogram calibrator
2026-02-19 15:14:48,197 - INFO - Creating histogram calibrator
2026-02-19 15:14:48,197 - INFO - Creating histogram calibrator
2026-02-19 15:14:48,197 - INFO - Creating histogram calibrator
2026-02-19 15:14:48,197 - INFO - Creating histogram calibrator
2026-02-19 15:14:48,197 - INFO - Creating histogram calibrator
2026-02-19 15:14:48,198 - INFO - Creating histogram calibrator
2026-02-19 15:14:48,198 - INFO - Creating histogram calibrator
2026-02-19 15:14:48,198 - INFO - Creating histogram calibrator
2026-02-19 15:14:48,198 - INFO - Creating histogram calibrator
2026-02-19 15:14:48,198 - INFO - Creating histogram calibrator
2026-02-19 15:14:48,198 - INFO - Creating histogram calibrator
2026-02-19 15:14:48,210 - INFO - Creating histogram calibrator
2026-02-19 15:14:48,211 - INFO - Creating Max calibrator
2026-02-19 15:14:48,211 - INFO - Creating histogram calibrator
2026-02-19 15:14:48,233 - INFO - Creating histogram calibrator
2026-02-19 15:14:48,233 - INFO - Creating Max calibrator
2026-02-19 15:14:48,233 - INFO - Creating histogram calibrator
2026-02-19 15:14:48,288 - INFO - Creating histogram calibrator
2026-02-19 15:14:48,288 - INFO - Creating Max calibrator
2026-02-19 15:14:48,288 - INFO - Creating histogram calibrator
2026-02-19 15:14:48,294 - INFO - Creating histogram calibrator
2026-02-19 15:14:48,294 - INFO - Creating Max calibrator
2026-02-19 15:14:48,294 - INFO - Creating histogram calibrator
2026-02-19 15:14:48,300 - INFO - Creating histogram calibrator
2026-02-19 15:14:48,300 - INFO - Creating Max calibrator
2026-02-19 15:14:48,300 - INFO - Creating histogram calibrator
2026-02-19 15:14:48,306 - INFO - Creating histogram calibrator
2026-02-19 15:14:48,306 - INFO - Creating Max calibrator
2026-02-19 15:14:48,306 - INFO - Creating histogram calibrator
2026-02-19 15:14:48,312 - INFO - Creating histogram calibrator
2026-02-19 15:14:48,312 - INFO - Creating histogram calibrator
2026-02-19 15:14:48,312 - INFO - Creating histogram calibrator
2026-02-19 15:14:48,312 - INFO - Creating histogram calibrator
2026-02-19 15:14:48,313 - INFO - Creating histogram calibrator
2026-02-19 15:14:48,313 - INFO - Creating histogram calibrator
2026-02-19 15:14:48,313 - INFO - Creating histogram calibrator
2026-02-19 15:14:48,313 - INFO - Creating histogram calibrator
2026-02-19 15:14:48,313 - INFO - Creating histogram calibrator
2026-02-19 15:14:48,313 - INFO - Creating histogram calibrator
2026-02-19 15:14:48,313 - INFO - Creating histogram calibrator
2026-02-19 15:14:48,325 - INFO - Creating histogram calibrator
2026-02-19 15:14:48,326 - INFO - Creating Max calibrator
2026-02-19 15:14:48,326 - INFO - Creating histogram calibrator
2026-02-19 15:14:48,348 - INFO - Creating histogram calibrator
2026-02-19 15:14:48,348 - INFO - Creating Max calibrator
2026-02-19 15:14:48,348 - INFO - Creating histogram calibrator
2026-02-19 15:14:48,403 - INFO - Creating histogram calibrator
2026-02-19 15:14:48,403 - INFO - Creating Max calibrator
2026-02-19 15:14:48,403 - INFO - Creating histogram calibrator
2026-02-19 15:14:48,409 - INFO - Creating histogram calibrator
2026-02-19 15:14:48,409 - INFO - Creating Max calibrator
2026-02-19 15:14:48,409 - INFO - Creating histogram calibrator
2026-02-19 15:14:48,415 - INFO - Creating histogram calibrator
2026-02-19 15:14:48,415 - INFO - Creating Max calibrator
2026-02-19 15:14:48,415 - INFO - Creating histogram calibrator
2026-02-19 15:14:48,421 - INFO - Creating histogram calibrator
2026-02-19 15:14:48,421 - INFO - Creating Max calibrator
2026-02-19 15:14:48,421 - INFO - Creating histogram calibrator
2026-02-19 15:14:48,427 - INFO - Creating histogram calibrator
2026-02-19 15:14:48,427 - INFO - Creating histogram calibrator
2026-02-19 15:14:48,427 - INFO - Creating histogram calibrator
2026-02-19 15:14:48,428 - INFO - Creating histogram calibrator
2026-02-19 15:14:48,428 - INFO - Creating histogram calibrator
2026-02-19 15:14:48,428 - INFO - Creating histogram calibrator
2026-02-19 15:14:48,428 - INFO - Creating histogram calibrator
2026-02-19 15:14:48,428 - INFO - Creating histogram calibrator
2026-02-19 15:14:48,428 - INFO - Creating histogram calibrator
2026-02-19 15:14:48,428 - INFO - Creating histogram calibrator
2026-02-19 15:14:48,429 - INFO - Creating histogram calibrator
2026-02-19 15:14:48,441 - INFO - Creating histogram calibrator
2026-02-19 15:14:48,441 - INFO - Creating Max calibrator
2026-02-19 15:14:48,441 - INFO - Creating histogram calibrator
2026-02-19 15:14:48,463 - INFO - Creating histogram calibrator
2026-02-19 15:14:48,463 - INFO - Creating Max calibrator
2026-02-19 15:14:48,464 - INFO - Creating histogram calibrator
2026-02-19 15:14:48,518 - INFO - Creating histogram calibrator
2026-02-19 15:14:48,519 - INFO - Creating Max calibrator
2026-02-19 15:14:48,519 - INFO - Creating histogram calibrator
2026-02-19 15:14:48,525 - INFO - Creating histogram calibrator
2026-02-19 15:14:48,525 - INFO - Creating Max calibrator
2026-02-19 15:14:48,525 - INFO - Creating histogram calibrator
2026-02-19 15:14:48,531 - INFO - Creating histogram calibrator
2026-02-19 15:14:48,531 - INFO - Creating Max calibrator
2026-02-19 15:14:48,531 - INFO - Creating histogram calibrator
2026-02-19 15:14:48,537 - INFO - Creating histogram calibrator
2026-02-19 15:14:48,537 - INFO - Creating Max calibrator
2026-02-19 15:14:48,537 - INFO - Creating histogram calibrator
2026-02-19 15:14:48,543 - INFO - Creating histogram calibrator
2026-02-19 15:14:48,543 - INFO - Creating histogram calibrator
2026-02-19 15:14:48,543 - INFO - Creating histogram calibrator
2026-02-19 15:14:48,543 - INFO - Creating histogram calibrator
2026-02-19 15:14:48,543 - INFO - Creating histogram calibrator
2026-02-19 15:14:48,543 - INFO - Creating histogram calibrator
2026-02-19 15:14:48,544 - INFO - Creating histogram calibrator
2026-02-19 15:14:48,544 - INFO - Creating histogram calibrator
2026-02-19 15:14:48,544 - INFO - Creating histogram calibrator
2026-02-19 15:14:48,544 - INFO - Creating histogram calibrator
2026-02-19 15:14:48,544 - INFO - Creating histogram calibrator
2026-02-19 15:14:48,556 - INFO - Creating histogram calibrator
2026-02-19 15:14:48,556 - INFO - Creating Max calibrator
2026-02-19 15:14:48,556 - INFO - Creating histogram calibrator
2026-02-19 15:14:48,578 - INFO - Creating histogram calibrator
2026-02-19 15:14:48,579 - INFO - Creating Max calibrator
2026-02-19 15:14:48,579 - INFO - Creating histogram calibrator
2026-02-19 15:14:48,634 - INFO - Creating histogram calibrator
2026-02-19 15:14:48,634 - INFO - Creating Max calibrator
2026-02-19 15:14:48,634 - INFO - Creating histogram calibrator
2026-02-19 15:14:48,640 - INFO - Creating histogram calibrator
2026-02-19 15:14:48,640 - INFO - Creating Max calibrator
2026-02-19 15:14:48,640 - INFO - Creating histogram calibrator
2026-02-19 15:14:48,646 - INFO - Creating histogram calibrator
2026-02-19 15:14:48,646 - INFO - Creating Max calibrator
2026-02-19 15:14:48,646 - INFO - Creating histogram calibrator
2026-02-19 15:14:48,652 - INFO - Creating histogram calibrator
2026-02-19 15:14:48,652 - INFO - Creating Max calibrator
2026-02-19 15:14:48,652 - INFO - Creating histogram calibrator
2026-02-19 15:14:48,658 - INFO - Creating histogram calibrator
2026-02-19 15:14:48,658 - INFO - Creating histogram calibrator
2026-02-19 15:14:48,658 - INFO - Creating histogram calibrator
2026-02-19 15:14:48,658 - INFO - Creating histogram calibrator
2026-02-19 15:14:48,658 - INFO - Creating histogram calibrator
2026-02-19 15:14:48,659 - INFO - Creating histogram calibrator
2026-02-19 15:14:48,659 - INFO - Creating histogram calibrator
2026-02-19 15:14:48,659 - INFO - Creating histogram calibrator
2026-02-19 15:14:48,659 - INFO - Creating histogram calibrator
2026-02-19 15:14:48,659 - INFO - Creating histogram calibrator
2026-02-19 15:14:48,659 - INFO - Creating histogram calibrator
2026-02-19 15:14:48,672 - INFO - Enabling gradient checkpointing (essential for 384x384)
2026-02-19 15:14:48,672 - WARNING - Model doesn't support gradient checkpointing - expect OOM at 384x384!
2026-02-19 15:14:48,673 - INFO - Loading torch checkpoint from calib-checkpoint/ViT-B_16_calib.pth
2026-02-19 15:14:49,125 - INFO - MLflow run closed (rank 0)
